[01m[K/home/martinelli/WidowX_XM430_Robot_Turret/catkin_ws/src/pckg/src/coord_tracker.cpp:[m[K In function â€˜[01m[Kint main(int, char**)[m[Kâ€™:
[01m[K/home/martinelli/WidowX_XM430_Robot_Turret/catkin_ws/src/pckg/src/coord_tracker.cpp:289:72:[m[K [01;31m[Kerror: [m[Kâ€˜[01m[Ktrk_faceCB[m[Kâ€™ was not declared in this scope; did you mean â€˜[01m[Ktrk_frameCB[m[Kâ€™?
  289 |     ros::ServiceServer serviceFace = nh.advertiseService("track_face", [01;31m[Ktrk_faceCB[m[K);
      |                                                                        [01;31m[K^~~~~~~~~~[m[K
      |                                                                        [32m[Ktrk_frameCB[m[K
[01m[K/home/martinelli/WidowX_XM430_Robot_Turret/catkin_ws/src/pckg/src/coord_tracker.cpp:319:5:[m[K [01;31m[Kerror: [m[Kâ€˜[01m[Kface_tracker[m[Kâ€™ was not declared in this scope
  319 |     [01;31m[Kface_tracker[m[K();
      |     [01;31m[K^~~~~~~~~~~~[m[K
make[2]: *** [CMakeFiles/coord_tracker.dir/build.make:63: CMakeFiles/coord_tracker.dir/src/coord_tracker.cpp.o] Error 1
make[1]: *** [CMakeFiles/Makefile2:295: CMakeFiles/coord_tracker.dir/all] Error 2
make: *** [Makefile:141: all] Error 2
